{
  "stats": {
    "suites": 4,
    "tests": 5,
    "passes": 5,
    "pending": 0,
    "failures": 0,
    "start": "2017-07-31T02:17:29.669Z",
    "end": "2017-07-31T02:17:30.233Z",
    "duration": 564,
    "testsRegistered": 5,
    "passPercent": 100,
    "pendingPercent": 0,
    "other": 0,
    "hasOther": false,
    "skipped": 0,
    "hasSkipped": false,
    "passPercentClass": "success",
    "pendingPercentClass": "danger"
  },
  "suites": {
    "title": "",
    "suites": [
      {
        "title": "加法函数的测试",
        "suites": [],
        "tests": [
          {
            "title": "1 加 1 应该等于 2",
            "fullTitle": "加法函数的测试 1 加 1 应该等于 2",
            "timedOut": false,
            "duration": 1,
            "state": "passed",
            "speed": "fast",
            "pass": true,
            "fail": false,
            "pending": false,
            "code": "expect(add(1, 1)).to.be.equal(2);",
            "err": {},
            "isRoot": false,
            "uuid": "e6147cf4-58dc-4eec-8d85-7a5fab56ee6e",
            "parentUUID": "1c959e5c-07db-402e-bc77-c416d8029604",
            "isHook": false,
            "skipped": false
          },
          {
            "title": "任何数加0等于自身",
            "fullTitle": "加法函数的测试 任何数加0等于自身",
            "timedOut": false,
            "duration": 0,
            "state": "passed",
            "speed": "fast",
            "pass": true,
            "fail": false,
            "pending": false,
            "code": "expect(add(1, 0)).to.be.equal(1);\nexpect(add(0, 0)).to.be.equal(0);",
            "err": {},
            "isRoot": false,
            "uuid": "42b83304-ef91-49d1-ae25-54bd642d786f",
            "parentUUID": "1c959e5c-07db-402e-bc77-c416d8029604",
            "isHook": false,
            "skipped": false
          }
        ],
        "pending": [],
        "root": false,
        "_timeout": 2000,
        "file": "/test/add.test.js",
        "uuid": "1c959e5c-07db-402e-bc77-c416d8029604",
        "beforeHooks": [],
        "afterHooks": [],
        "fullFile": "/Users/huanghui/Documents/ReactJs/单元测试/mocha/test/add.test.js",
        "passes": [
          {
            "title": "1 加 1 应该等于 2",
            "fullTitle": "加法函数的测试 1 加 1 应该等于 2",
            "timedOut": false,
            "duration": 1,
            "state": "passed",
            "speed": "fast",
            "pass": true,
            "fail": false,
            "pending": false,
            "code": "expect(add(1, 1)).to.be.equal(2);",
            "err": {},
            "isRoot": false,
            "uuid": "e6147cf4-58dc-4eec-8d85-7a5fab56ee6e",
            "parentUUID": "1c959e5c-07db-402e-bc77-c416d8029604",
            "isHook": false,
            "skipped": false
          },
          {
            "title": "任何数加0等于自身",
            "fullTitle": "加法函数的测试 任何数加0等于自身",
            "timedOut": false,
            "duration": 0,
            "state": "passed",
            "speed": "fast",
            "pass": true,
            "fail": false,
            "pending": false,
            "code": "expect(add(1, 0)).to.be.equal(1);\nexpect(add(0, 0)).to.be.equal(0);",
            "err": {},
            "isRoot": false,
            "uuid": "42b83304-ef91-49d1-ae25-54bd642d786f",
            "parentUUID": "1c959e5c-07db-402e-bc77-c416d8029604",
            "isHook": false,
            "skipped": false
          }
        ],
        "failures": [],
        "skipped": [],
        "hasBeforeHooks": false,
        "hasAfterHooks": false,
        "hasTests": true,
        "hasSuites": false,
        "totalTests": 2,
        "totalPasses": 2,
        "totalFailures": 0,
        "totalPending": 0,
        "totalSkipped": 0,
        "hasPasses": true,
        "hasFailures": false,
        "hasPending": false,
        "hasSkipped": false,
        "duration": 1,
        "rootEmpty": false
      },
      {
        "title": "Array",
        "suites": [
          {
            "title": "#indexOf()",
            "suites": [],
            "tests": [
              {
                "title": "should return -1 when the value is not present",
                "fullTitle": "Array #indexOf() should return -1 when the value is not present",
                "timedOut": false,
                "duration": 0,
                "state": "passed",
                "speed": "fast",
                "pass": true,
                "fail": false,
                "pending": false,
                "code": "assert.equal(-1, [1,2,3].indexOf(4));",
                "err": {},
                "isRoot": false,
                "uuid": "0a2b6e27-0ecc-4d35-8b81-3b7936270bc8",
                "parentUUID": "a3a38db6-f749-49d7-8830-2ac635516ba9",
                "isHook": false,
                "skipped": false
              }
            ],
            "pending": [],
            "root": false,
            "_timeout": 2000,
            "file": "/test/test.js",
            "uuid": "a3a38db6-f749-49d7-8830-2ac635516ba9",
            "beforeHooks": [],
            "afterHooks": [],
            "fullFile": "/Users/huanghui/Documents/ReactJs/单元测试/mocha/test/test.js",
            "passes": [
              {
                "title": "should return -1 when the value is not present",
                "fullTitle": "Array #indexOf() should return -1 when the value is not present",
                "timedOut": false,
                "duration": 0,
                "state": "passed",
                "speed": "fast",
                "pass": true,
                "fail": false,
                "pending": false,
                "code": "assert.equal(-1, [1,2,3].indexOf(4));",
                "err": {},
                "isRoot": false,
                "uuid": "0a2b6e27-0ecc-4d35-8b81-3b7936270bc8",
                "parentUUID": "a3a38db6-f749-49d7-8830-2ac635516ba9",
                "isHook": false,
                "skipped": false
              }
            ],
            "failures": [],
            "skipped": [],
            "hasBeforeHooks": false,
            "hasAfterHooks": false,
            "hasTests": true,
            "hasSuites": false,
            "totalTests": 1,
            "totalPasses": 1,
            "totalFailures": 0,
            "totalPending": 0,
            "totalSkipped": 0,
            "hasPasses": true,
            "hasFailures": false,
            "hasPending": false,
            "hasSkipped": false,
            "duration": 0,
            "rootEmpty": false
          }
        ],
        "tests": [],
        "pending": [],
        "root": false,
        "_timeout": 2000,
        "file": "/test/test.js",
        "uuid": "ff5f10e2-e8d6-458b-91d7-d8d1d000920e",
        "beforeHooks": [],
        "afterHooks": [],
        "fullFile": "/Users/huanghui/Documents/ReactJs/单元测试/mocha/test/test.js",
        "passes": [],
        "failures": [],
        "skipped": [],
        "hasBeforeHooks": false,
        "hasAfterHooks": false,
        "hasTests": false,
        "hasSuites": true,
        "totalTests": 0,
        "totalPasses": 0,
        "totalFailures": 0,
        "totalPending": 0,
        "totalSkipped": 0,
        "hasPasses": false,
        "hasFailures": false,
        "hasPending": false,
        "hasSkipped": false,
        "duration": 0,
        "rootEmpty": false
      },
      {
        "title": "a suite of tests",
        "suites": [],
        "tests": [
          {
            "title": "should take less than 500ms",
            "fullTitle": "a suite of tests should take less than 500ms",
            "timedOut": false,
            "duration": 303,
            "state": "passed",
            "speed": "slow",
            "pass": true,
            "fail": false,
            "pending": false,
            "code": "setTimeout(done, 300);",
            "err": {},
            "isRoot": false,
            "uuid": "74b3280d-a529-4d4f-b822-028ff999d4e2",
            "parentUUID": "ae1aeb02-2e84-4364-b276-6870ec77c41c",
            "isHook": false,
            "skipped": false
          },
          {
            "title": "should take less than 500ms as well",
            "fullTitle": "a suite of tests should take less than 500ms as well",
            "timedOut": false,
            "duration": 250,
            "state": "passed",
            "speed": "slow",
            "pass": true,
            "fail": false,
            "pending": false,
            "code": "setTimeout(done, 250);",
            "err": {},
            "isRoot": false,
            "uuid": "52103356-a759-4fe8-8543-a8eb5a3341be",
            "parentUUID": "ae1aeb02-2e84-4364-b276-6870ec77c41c",
            "isHook": false,
            "skipped": false
          }
        ],
        "pending": [],
        "root": false,
        "_timeout": 500,
        "file": "/test/test.js",
        "uuid": "ae1aeb02-2e84-4364-b276-6870ec77c41c",
        "beforeHooks": [],
        "afterHooks": [],
        "fullFile": "/Users/huanghui/Documents/ReactJs/单元测试/mocha/test/test.js",
        "passes": [
          {
            "title": "should take less than 500ms",
            "fullTitle": "a suite of tests should take less than 500ms",
            "timedOut": false,
            "duration": 303,
            "state": "passed",
            "speed": "slow",
            "pass": true,
            "fail": false,
            "pending": false,
            "code": "setTimeout(done, 300);",
            "err": {},
            "isRoot": false,
            "uuid": "74b3280d-a529-4d4f-b822-028ff999d4e2",
            "parentUUID": "ae1aeb02-2e84-4364-b276-6870ec77c41c",
            "isHook": false,
            "skipped": false
          },
          {
            "title": "should take less than 500ms as well",
            "fullTitle": "a suite of tests should take less than 500ms as well",
            "timedOut": false,
            "duration": 250,
            "state": "passed",
            "speed": "slow",
            "pass": true,
            "fail": false,
            "pending": false,
            "code": "setTimeout(done, 250);",
            "err": {},
            "isRoot": false,
            "uuid": "52103356-a759-4fe8-8543-a8eb5a3341be",
            "parentUUID": "ae1aeb02-2e84-4364-b276-6870ec77c41c",
            "isHook": false,
            "skipped": false
          }
        ],
        "failures": [],
        "skipped": [],
        "hasBeforeHooks": false,
        "hasAfterHooks": false,
        "hasTests": true,
        "hasSuites": false,
        "totalTests": 2,
        "totalPasses": 2,
        "totalFailures": 0,
        "totalPending": 0,
        "totalSkipped": 0,
        "hasPasses": true,
        "hasFailures": false,
        "hasPending": false,
        "hasSkipped": false,
        "duration": 553,
        "rootEmpty": false
      }
    ],
    "tests": [],
    "pending": [],
    "root": true,
    "_timeout": 2000,
    "uuid": "4de9cceb-edfe-43ff-9497-a0d67652f045",
    "beforeHooks": [],
    "afterHooks": [],
    "fullFile": "",
    "file": "",
    "passes": [],
    "failures": [],
    "skipped": [],
    "hasBeforeHooks": false,
    "hasAfterHooks": false,
    "hasTests": false,
    "hasSuites": true,
    "totalTests": 0,
    "totalPasses": 0,
    "totalFailures": 0,
    "totalPending": 0,
    "totalSkipped": 0,
    "hasPasses": false,
    "hasFailures": false,
    "hasPending": false,
    "hasSkipped": false,
    "duration": 0,
    "rootEmpty": true
  },
  "allTests": [
    {
      "title": "1 加 1 应该等于 2",
      "fullTitle": "加法函数的测试 1 加 1 应该等于 2",
      "timedOut": false,
      "duration": 1,
      "state": "passed",
      "speed": "fast",
      "pass": true,
      "fail": false,
      "pending": false,
      "code": "expect(add(1, 1)).to.be.equal(2);",
      "err": {},
      "isRoot": false,
      "uuid": "e6147cf4-58dc-4eec-8d85-7a5fab56ee6e",
      "parentUUID": "1c959e5c-07db-402e-bc77-c416d8029604",
      "isHook": false,
      "skipped": false
    },
    {
      "title": "任何数加0等于自身",
      "fullTitle": "加法函数的测试 任何数加0等于自身",
      "timedOut": false,
      "duration": 0,
      "state": "passed",
      "speed": "fast",
      "pass": true,
      "fail": false,
      "pending": false,
      "code": "expect(add(1, 0)).to.be.equal(1);\nexpect(add(0, 0)).to.be.equal(0);",
      "err": {},
      "isRoot": false,
      "uuid": "42b83304-ef91-49d1-ae25-54bd642d786f",
      "parentUUID": "1c959e5c-07db-402e-bc77-c416d8029604",
      "isHook": false,
      "skipped": false
    },
    {
      "title": "should return -1 when the value is not present",
      "fullTitle": "#indexOf() should return -1 when the value is not present",
      "timedOut": false,
      "duration": 0,
      "state": "passed",
      "speed": "fast",
      "pass": true,
      "fail": false,
      "pending": false,
      "code": "assert.equal(-1, [1,2,3].indexOf(4));",
      "err": {},
      "isRoot": false,
      "uuid": "0a2b6e27-0ecc-4d35-8b81-3b7936270bc8",
      "parentUUID": "a3a38db6-f749-49d7-8830-2ac635516ba9",
      "isHook": false,
      "skipped": false
    },
    {
      "title": "should take less than 500ms",
      "fullTitle": "a suite of tests should take less than 500ms",
      "timedOut": false,
      "duration": 303,
      "state": "passed",
      "speed": "slow",
      "pass": true,
      "fail": false,
      "pending": false,
      "code": "setTimeout(done, 300);",
      "err": {},
      "isRoot": false,
      "uuid": "74b3280d-a529-4d4f-b822-028ff999d4e2",
      "parentUUID": "ae1aeb02-2e84-4364-b276-6870ec77c41c",
      "isHook": false,
      "skipped": false
    },
    {
      "title": "should take less than 500ms as well",
      "fullTitle": "a suite of tests should take less than 500ms as well",
      "timedOut": false,
      "duration": 250,
      "state": "passed",
      "speed": "slow",
      "pass": true,
      "fail": false,
      "pending": false,
      "code": "setTimeout(done, 250);",
      "err": {},
      "isRoot": false,
      "uuid": "52103356-a759-4fe8-8543-a8eb5a3341be",
      "parentUUID": "ae1aeb02-2e84-4364-b276-6870ec77c41c",
      "isHook": false,
      "skipped": false
    }
  ],
  "allPending": [],
  "allPasses": [
    {
      "title": "1 加 1 应该等于 2",
      "fullTitle": "加法函数的测试 1 加 1 应该等于 2",
      "timedOut": false,
      "duration": 1,
      "state": "passed",
      "speed": "fast",
      "pass": true,
      "fail": false,
      "pending": false,
      "code": "expect(add(1, 1)).to.be.equal(2);",
      "err": {},
      "isRoot": false,
      "uuid": "e6147cf4-58dc-4eec-8d85-7a5fab56ee6e",
      "parentUUID": "1c959e5c-07db-402e-bc77-c416d8029604",
      "isHook": false,
      "skipped": false
    },
    {
      "title": "任何数加0等于自身",
      "fullTitle": "加法函数的测试 任何数加0等于自身",
      "timedOut": false,
      "duration": 0,
      "state": "passed",
      "speed": "fast",
      "pass": true,
      "fail": false,
      "pending": false,
      "code": "expect(add(1, 0)).to.be.equal(1);\nexpect(add(0, 0)).to.be.equal(0);",
      "err": {},
      "isRoot": false,
      "uuid": "42b83304-ef91-49d1-ae25-54bd642d786f",
      "parentUUID": "1c959e5c-07db-402e-bc77-c416d8029604",
      "isHook": false,
      "skipped": false
    },
    {
      "title": "should return -1 when the value is not present",
      "fullTitle": "#indexOf() should return -1 when the value is not present",
      "timedOut": false,
      "duration": 0,
      "state": "passed",
      "speed": "fast",
      "pass": true,
      "fail": false,
      "pending": false,
      "code": "assert.equal(-1, [1,2,3].indexOf(4));",
      "err": {},
      "isRoot": false,
      "uuid": "0a2b6e27-0ecc-4d35-8b81-3b7936270bc8",
      "parentUUID": "a3a38db6-f749-49d7-8830-2ac635516ba9",
      "isHook": false,
      "skipped": false
    },
    {
      "title": "should take less than 500ms",
      "fullTitle": "a suite of tests should take less than 500ms",
      "timedOut": false,
      "duration": 303,
      "state": "passed",
      "speed": "slow",
      "pass": true,
      "fail": false,
      "pending": false,
      "code": "setTimeout(done, 300);",
      "err": {},
      "isRoot": false,
      "uuid": "74b3280d-a529-4d4f-b822-028ff999d4e2",
      "parentUUID": "ae1aeb02-2e84-4364-b276-6870ec77c41c",
      "isHook": false,
      "skipped": false
    },
    {
      "title": "should take less than 500ms as well",
      "fullTitle": "a suite of tests should take less than 500ms as well",
      "timedOut": false,
      "duration": 250,
      "state": "passed",
      "speed": "slow",
      "pass": true,
      "fail": false,
      "pending": false,
      "code": "setTimeout(done, 250);",
      "err": {},
      "isRoot": false,
      "uuid": "52103356-a759-4fe8-8543-a8eb5a3341be",
      "parentUUID": "ae1aeb02-2e84-4364-b276-6870ec77c41c",
      "isHook": false,
      "skipped": false
    }
  ],
  "allFailures": [],
  "copyrightYear": 2017
}