{
  "stats": {
    "suites": 2,
    "tests": 3,
    "passes": 3,
    "pending": 0,
    "failures": 0,
    "start": "2017-09-01T09:22:45.439Z",
    "end": "2017-09-01T09:22:45.447Z",
    "duration": 8,
    "testsRegistered": 3,
    "passPercent": 100,
    "pendingPercent": 0,
    "other": 0,
    "hasOther": false,
    "skipped": 0,
    "hasSkipped": false,
    "passPercentClass": "success",
    "pendingPercentClass": "danger"
  },
  "suites": {
    "title": "",
    "suites": [
      {
        "title": "加法函数的测试",
        "suites": [],
        "tests": [
          {
            "title": "1 加 1 应该等于 2",
            "fullTitle": "加法函数的测试 1 加 1 应该等于 2",
            "timedOut": false,
            "duration": 1,
            "state": "passed",
            "speed": "fast",
            "pass": true,
            "fail": false,
            "pending": false,
            "code": "expect(add(1, 1)).to.be.equal(2);",
            "err": {},
            "isRoot": false,
            "uuid": "3c727a20-07c9-482b-94da-db9f04491751",
            "parentUUID": "6857ea4e-8797-46bc-884a-001f07e974ee",
            "isHook": false,
            "skipped": false
          },
          {
            "title": "任何数加0应该等于自身",
            "fullTitle": "加法函数的测试 任何数加0应该等于自身",
            "timedOut": false,
            "duration": 0,
            "state": "passed",
            "speed": "fast",
            "pass": true,
            "fail": false,
            "pending": false,
            "code": "expect(add(1, 0)).to.be.equal(1);",
            "err": {},
            "isRoot": false,
            "uuid": "52926431-4dcc-4262-b4a0-56bba02babd5",
            "parentUUID": "6857ea4e-8797-46bc-884a-001f07e974ee",
            "isHook": false,
            "skipped": false
          }
        ],
        "pending": [],
        "root": false,
        "_timeout": 2000,
        "file": "/test/add.test.js",
        "uuid": "6857ea4e-8797-46bc-884a-001f07e974ee",
        "beforeHooks": [],
        "afterHooks": [],
        "fullFile": "/Users/huanghui/Documents/ReactJs/单元测试/mocha-demos/demo02/test/add.test.js",
        "passes": [
          {
            "title": "1 加 1 应该等于 2",
            "fullTitle": "加法函数的测试 1 加 1 应该等于 2",
            "timedOut": false,
            "duration": 1,
            "state": "passed",
            "speed": "fast",
            "pass": true,
            "fail": false,
            "pending": false,
            "code": "expect(add(1, 1)).to.be.equal(2);",
            "err": {},
            "isRoot": false,
            "uuid": "3c727a20-07c9-482b-94da-db9f04491751",
            "parentUUID": "6857ea4e-8797-46bc-884a-001f07e974ee",
            "isHook": false,
            "skipped": false
          },
          {
            "title": "任何数加0应该等于自身",
            "fullTitle": "加法函数的测试 任何数加0应该等于自身",
            "timedOut": false,
            "duration": 0,
            "state": "passed",
            "speed": "fast",
            "pass": true,
            "fail": false,
            "pending": false,
            "code": "expect(add(1, 0)).to.be.equal(1);",
            "err": {},
            "isRoot": false,
            "uuid": "52926431-4dcc-4262-b4a0-56bba02babd5",
            "parentUUID": "6857ea4e-8797-46bc-884a-001f07e974ee",
            "isHook": false,
            "skipped": false
          }
        ],
        "failures": [],
        "skipped": [],
        "hasBeforeHooks": false,
        "hasAfterHooks": false,
        "hasTests": true,
        "hasSuites": false,
        "totalTests": 2,
        "totalPasses": 2,
        "totalFailures": 0,
        "totalPending": 0,
        "totalSkipped": 0,
        "hasPasses": true,
        "hasFailures": false,
        "hasPending": false,
        "hasSkipped": false,
        "duration": 1,
        "rootEmpty": false
      },
      {
        "title": "乘法函数的测试",
        "suites": [],
        "tests": [
          {
            "title": "1 乘 1 应该等于 1",
            "fullTitle": "乘法函数的测试 1 乘 1 应该等于 1",
            "timedOut": false,
            "duration": 0,
            "state": "passed",
            "speed": "fast",
            "pass": true,
            "fail": false,
            "pending": false,
            "code": "expect(multiply(1, 1)).to.be.equal(1);",
            "err": {},
            "isRoot": false,
            "uuid": "5757063f-5635-428f-950b-723a46308ce4",
            "parentUUID": "bef092f4-c3ac-467a-86d1-8d51752dc84e",
            "isHook": false,
            "skipped": false
          }
        ],
        "pending": [],
        "root": false,
        "_timeout": 2000,
        "file": "/test/dir/multiply.test.js",
        "uuid": "bef092f4-c3ac-467a-86d1-8d51752dc84e",
        "beforeHooks": [],
        "afterHooks": [],
        "fullFile": "/Users/huanghui/Documents/ReactJs/单元测试/mocha-demos/demo02/test/dir/multiply.test.js",
        "passes": [
          {
            "title": "1 乘 1 应该等于 1",
            "fullTitle": "乘法函数的测试 1 乘 1 应该等于 1",
            "timedOut": false,
            "duration": 0,
            "state": "passed",
            "speed": "fast",
            "pass": true,
            "fail": false,
            "pending": false,
            "code": "expect(multiply(1, 1)).to.be.equal(1);",
            "err": {},
            "isRoot": false,
            "uuid": "5757063f-5635-428f-950b-723a46308ce4",
            "parentUUID": "bef092f4-c3ac-467a-86d1-8d51752dc84e",
            "isHook": false,
            "skipped": false
          }
        ],
        "failures": [],
        "skipped": [],
        "hasBeforeHooks": false,
        "hasAfterHooks": false,
        "hasTests": true,
        "hasSuites": false,
        "totalTests": 1,
        "totalPasses": 1,
        "totalFailures": 0,
        "totalPending": 0,
        "totalSkipped": 0,
        "hasPasses": true,
        "hasFailures": false,
        "hasPending": false,
        "hasSkipped": false,
        "duration": 0,
        "rootEmpty": false
      }
    ],
    "tests": [],
    "pending": [],
    "root": true,
    "_timeout": 2000,
    "uuid": "26d4c008-769e-47d8-ba8a-9c0c77c017a9",
    "beforeHooks": [],
    "afterHooks": [],
    "fullFile": "",
    "file": "",
    "passes": [],
    "failures": [],
    "skipped": [],
    "hasBeforeHooks": false,
    "hasAfterHooks": false,
    "hasTests": false,
    "hasSuites": true,
    "totalTests": 0,
    "totalPasses": 0,
    "totalFailures": 0,
    "totalPending": 0,
    "totalSkipped": 0,
    "hasPasses": false,
    "hasFailures": false,
    "hasPending": false,
    "hasSkipped": false,
    "duration": 0,
    "rootEmpty": true
  },
  "allTests": [
    {
      "title": "1 加 1 应该等于 2",
      "fullTitle": "加法函数的测试 1 加 1 应该等于 2",
      "timedOut": false,
      "duration": 1,
      "state": "passed",
      "speed": "fast",
      "pass": true,
      "fail": false,
      "pending": false,
      "code": "expect(add(1, 1)).to.be.equal(2);",
      "err": {},
      "isRoot": false,
      "uuid": "3c727a20-07c9-482b-94da-db9f04491751",
      "parentUUID": "6857ea4e-8797-46bc-884a-001f07e974ee",
      "isHook": false,
      "skipped": false
    },
    {
      "title": "任何数加0应该等于自身",
      "fullTitle": "加法函数的测试 任何数加0应该等于自身",
      "timedOut": false,
      "duration": 0,
      "state": "passed",
      "speed": "fast",
      "pass": true,
      "fail": false,
      "pending": false,
      "code": "expect(add(1, 0)).to.be.equal(1);",
      "err": {},
      "isRoot": false,
      "uuid": "52926431-4dcc-4262-b4a0-56bba02babd5",
      "parentUUID": "6857ea4e-8797-46bc-884a-001f07e974ee",
      "isHook": false,
      "skipped": false
    },
    {
      "title": "1 乘 1 应该等于 1",
      "fullTitle": "乘法函数的测试 1 乘 1 应该等于 1",
      "timedOut": false,
      "duration": 0,
      "state": "passed",
      "speed": "fast",
      "pass": true,
      "fail": false,
      "pending": false,
      "code": "expect(multiply(1, 1)).to.be.equal(1);",
      "err": {},
      "isRoot": false,
      "uuid": "5757063f-5635-428f-950b-723a46308ce4",
      "parentUUID": "bef092f4-c3ac-467a-86d1-8d51752dc84e",
      "isHook": false,
      "skipped": false
    }
  ],
  "allPending": [],
  "allPasses": [
    {
      "title": "1 加 1 应该等于 2",
      "fullTitle": "加法函数的测试 1 加 1 应该等于 2",
      "timedOut": false,
      "duration": 1,
      "state": "passed",
      "speed": "fast",
      "pass": true,
      "fail": false,
      "pending": false,
      "code": "expect(add(1, 1)).to.be.equal(2);",
      "err": {},
      "isRoot": false,
      "uuid": "3c727a20-07c9-482b-94da-db9f04491751",
      "parentUUID": "6857ea4e-8797-46bc-884a-001f07e974ee",
      "isHook": false,
      "skipped": false
    },
    {
      "title": "任何数加0应该等于自身",
      "fullTitle": "加法函数的测试 任何数加0应该等于自身",
      "timedOut": false,
      "duration": 0,
      "state": "passed",
      "speed": "fast",
      "pass": true,
      "fail": false,
      "pending": false,
      "code": "expect(add(1, 0)).to.be.equal(1);",
      "err": {},
      "isRoot": false,
      "uuid": "52926431-4dcc-4262-b4a0-56bba02babd5",
      "parentUUID": "6857ea4e-8797-46bc-884a-001f07e974ee",
      "isHook": false,
      "skipped": false
    },
    {
      "title": "1 乘 1 应该等于 1",
      "fullTitle": "乘法函数的测试 1 乘 1 应该等于 1",
      "timedOut": false,
      "duration": 0,
      "state": "passed",
      "speed": "fast",
      "pass": true,
      "fail": false,
      "pending": false,
      "code": "expect(multiply(1, 1)).to.be.equal(1);",
      "err": {},
      "isRoot": false,
      "uuid": "5757063f-5635-428f-950b-723a46308ce4",
      "parentUUID": "bef092f4-c3ac-467a-86d1-8d51752dc84e",
      "isHook": false,
      "skipped": false
    }
  ],
  "allFailures": [],
  "copyrightYear": 2017
}